# JRE version: OpenJDK Runtime Environment (21.0.5) (build 21.0.5+-12932927-b750.29)
# Java VM: OpenJDK 64-Bit Server VM (21.0.5+-12932927-b750.29, mixed mode, tiered, compressed oops, compressed class ptrs, g1 gc, windows-amd64)
GC Precious Log:
 CardTable entry size: 512
 Card Set container configuration: InlinePtr #cards 5 size 8 Array Of Cards #cards 12 size 40 Howl #buckets 4 coarsen threshold 1843 Howl Bitmap #cards 512 size 80 coarsen threshold 460 Card regions per heap region 1 cards per card region 2048
 CPUs: 4 total, 4 available
 Memory: 4001M
 Large Page Support: Disabled
 NUMA Support: Disabled
 Compressed Oops: Enabled (32-bit)
 Heap Region Size: 1M
 Heap Min Capacity: 8M
 Heap Initial Capacity: 64M
 Heap Max Capacity: 1002M
 Pre-touch: Disabled
 Parallel Workers: 4
 Concurrent Workers: 1
 Concurrent Refinement Workers: 4
 Periodic GC: Disabled
Heap:
 garbage-first heap   total 58368K, used 47760K [0x00000000c1600000, 0x0000000100000000)
  region size 1024K, 15 young (15360K), 2 survivors (2048K)
 Metaspace       used 59352K, committed 60160K, reserved 1114112K
  class space    used 7006K, committed 7360K, reserved 1048576K
GC Heap History (20 events):
Event: 14.850 GC heap before
{Heap before GC invocations=10 (full 0):
 garbage-first heap   total 39936K, used 32101K [0x00000000c1600000, 0x0000000100000000)
  region size 1024K, 17 young (17408K), 2 survivors (2048K)
 Metaspace       used 42092K, committed 42432K, reserved 1114112K
  class space    used 4974K, committed 5120K, reserved 1048576K
}
Event: 14.861 GC heap after
{Heap after GC invocations=11 (full 0):
 garbage-first heap   total 39936K, used 18768K [0x00000000c1600000, 0x0000000100000000)
  region size 1024K, 2 young (2048K), 2 survivors (2048K)
 Metaspace       used 42092K, committed 42432K, reserved 1114112K
  class space    used 4974K, committed 5120K, reserved 1048576K
}
Event: 15.418 GC heap before
{Heap before GC invocations=11 (full 0):
 garbage-first heap   total 39936K, used 34128K [0x00000000c1600000, 0x0000000100000000)
  region size 1024K, 17 young (17408K), 2 survivors (2048K)
 Metaspace       used 44243K, committed 44992K, reserved 1114112K
  class space    used 5317K, committed 5696K, reserved 1048576K
}
Event: 15.427 GC heap after
{Heap after GC invocations=12 (full 0):
 garbage-first heap   total 39936K, used 20107K [0x00000000c1600000, 0x0000000100000000)
  region size 1024K, 3 young (3072K), 3 survivors (3072K)
 Metaspace       used 44243K, committed 44992K, reserved 1114112K
  class space    used 5317K, committed 5696K, reserved 1048576K
}
Event: 16.511 GC heap before
{Heap before GC invocations=12 (full 0):
 garbage-first heap   total 39936K, used 33419K [0x00000000c1600000, 0x0000000100000000)
  region size 1024K, 16 young (16384K), 3 survivors (3072K)
 Metaspace       used 47628K, committed 48320K, reserved 1114112K
  class space    used 5672K, committed 6016K, reserved 1048576K
}
Event: 16.524 GC heap after
{Heap after GC invocations=13 (full 0):
 garbage-first heap   total 39936K, used 21896K [0x00000000c1600000, 0x0000000100000000)
  region size 1024K, 2 young (2048K), 2 survivors (2048K)
 Metaspace       used 47628K, committed 48320K, reserved 1114112K
  class space    used 5672K, committed 6016K, reserved 1048576K
}
Event: 16.793 GC heap before
{Heap before GC invocations=13 (full 0):
 garbage-first heap   total 39936K, used 25992K [0x00000000c1600000, 0x0000000100000000)
  region size 1024K, 8 young (8192K), 2 survivors (2048K)
 Metaspace       used 48794K, committed 49536K, reserved 1114112K
  class space    used 5799K, committed 6144K, reserved 1048576K
}
Event: 16.801 GC heap after
{Heap after GC invocations=14 (full 0):
 garbage-first heap   total 48128K, used 22782K [0x00000000c1600000, 0x0000000100000000)
  region size 1024K, 1 young (1024K), 1 survivors (1024K)
 Metaspace       used 48794K, committed 49536K, reserved 1114112K
  class space    used 5799K, committed 6144K, reserved 1048576K
}
Event: 17.537 GC heap before
{Heap before GC invocations=15 (full 0):
 garbage-first heap   total 48128K, used 42238K [0x00000000c1600000, 0x0000000100000000)
  region size 1024K, 19 young (19456K), 1 survivors (1024K)
 Metaspace       used 51048K, committed 51776K, reserved 1114112K
  class space    used 6064K, committed 6400K, reserved 1048576K
}
Event: 17.549 GC heap after
{Heap after GC invocations=16 (full 0):
 garbage-first heap   total 48128K, used 28480K [0x00000000c1600000, 0x0000000100000000)
  region size 1024K, 3 young (3072K), 3 survivors (3072K)
 Metaspace       used 51048K, committed 51776K, reserved 1114112K
  class space    used 6064K, committed 6400K, reserved 1048576K
}
Event: 18.357 GC heap before
{Heap before GC invocations=16 (full 0):
 garbage-first heap   total 48128K, used 40768K [0x00000000c1600000, 0x0000000100000000)
  region size 1024K, 16 young (16384K), 3 survivors (3072K)
 Metaspace       used 53094K, committed 53824K, reserved 1114112K
  class space    used 6304K, committed 6656K, reserved 1048576K
}
Event: 18.374 GC heap after
{Heap after GC invocations=17 (full 0):
 garbage-first heap   total 48128K, used 31302K [0x00000000c1600000, 0x0000000100000000)
  region size 1024K, 2 young (2048K), 2 survivors (2048K)
 Metaspace       used 53094K, committed 53824K, reserved 1114112K
  class space    used 6304K, committed 6656K, reserved 1048576K
}
Event: 18.497 GC heap before
{Heap before GC invocations=18 (full 0):
 garbage-first heap   total 55296K, used 41542K [0x00000000c1600000, 0x0000000100000000)
  region size 1024K, 12 young (12288K), 2 survivors (2048K)
 Metaspace       used 53115K, committed 53888K, reserved 1114112K
  class space    used 6304K, committed 6656K, reserved 1048576K
}
Event: 18.509 GC heap after
{Heap after GC invocations=19 (full 0):
 garbage-first heap   total 55296K, used 34625K [0x00000000c1600000, 0x0000000100000000)
  region size 1024K, 2 young (2048K), 2 survivors (2048K)
 Metaspace       used 53115K, committed 53888K, reserved 1114112K
  class space    used 6304K, committed 6656K, reserved 1048576K
}
Event: 18.645 GC heap before
{Heap before GC invocations=19 (full 0):
 garbage-first heap   total 55296K, used 46913K [0x00000000c1600000, 0x0000000100000000)
  region size 1024K, 14 young (14336K), 2 survivors (2048K)
 Metaspace       used 53164K, committed 53888K, reserved 1114112K
  class space    used 6308K, committed 6656K, reserved 1048576K
}
Event: 18.652 GC heap after
{Heap after GC invocations=20 (full 0):
 garbage-first heap   total 55296K, used 33605K [0x00000000c1600000, 0x0000000100000000)
  region size 1024K, 1 young (1024K), 1 survivors (1024K)
 Metaspace       used 53164K, committed 53888K, reserved 1114112K
  class space    used 6308K, committed 6656K, reserved 1048576K
}
Event: 19.392 GC heap before
{Heap before GC invocations=20 (full 0):
 garbage-first heap   total 55296K, used 45893K [0x00000000c1600000, 0x0000000100000000)
  region size 1024K, 14 young (14336K), 1 survivors (1024K)
 Metaspace       used 55884K, committed 56640K, reserved 1114112K
  class space    used 6620K, committed 6976K, reserved 1048576K
}
Event: 19.401 GC heap after
{Heap after GC invocations=21 (full 0):
 garbage-first heap   total 55296K, used 34861K [0x00000000c1600000, 0x0000000100000000)
  region size 1024K, 2 young (2048K), 2 survivors (2048K)
 Metaspace       used 55884K, committed 56640K, reserved 1114112K
  class space    used 6620K, committed 6976K, reserved 1048576K
}
Event: 20.490 GC heap before
{Heap before GC invocations=22 (full 0):
 garbage-first heap   total 58368K, used 46848K [0x00000000c1600000, 0x0000000100000000)
  region size 1024K, 15 young (15360K), 2 survivors (2048K)
 Metaspace       used 57114K, committed 57856K, reserved 1114112K
  class space    used 6769K, committed 7104K, reserved 1048576K
}
Event: 20.500 GC heap after
{Heap after GC invocations=23 (full 0):
 garbage-first heap   total 58368K, used 35472K [0x00000000c1600000, 0x0000000100000000)
  region size 1024K, 2 young (2048K), 2 survivors (2048K)
 Metaspace       used 57114K, committed 57856K, reserved 1114112K
  class space    used 6769K, committed 7104K, reserved 1048576K
}

