# JRE version: OpenJDK Runtime Environment (21.0.5) (build 21.0.5+-12932927-b750.29)
# Java VM: OpenJDK 64-Bit Server VM (21.0.5+-12932927-b750.29, mixed mode, tiered, compressed oops, compressed class ptrs, g1 gc, windows-amd64)
GC Precious Log:
 CardTable entry size: 512
 Card Set container configuration: InlinePtr #cards 5 size 8 Array Of Cards #cards 12 size 40 Howl #buckets 4 coarsen threshold 1843 Howl Bitmap #cards 512 size 80 coarsen threshold 460 Card regions per heap region 1 cards per card region 2048
 CPUs: 4 total, 4 available
 Memory: 4001M
 Large Page Support: Disabled
 NUMA Support: Disabled
 Compressed Oops: Enabled (32-bit)
 Heap Region Size: 1M
 Heap Min Capacity: 8M
 Heap Initial Capacity: 64M
 Heap Max Capacity: 2G
 Pre-touch: Disabled
 Parallel Workers: 4
 Concurrent Workers: 1
 Concurrent Refinement Workers: 4
 Periodic GC: Disabled
Heap:
 garbage-first heap   total 480256K, used 414186K [0x0000000080000000, 0x0000000100000000)
  region size 1024K, 242 young (247808K), 5 survivors (5120K)
 Metaspace       used 172092K, committed 173632K, reserved 1245184K
  class space    used 21942K, committed 22720K, reserved 1048576K
GC Heap History (20 events):
Event: 2164.914 GC heap before
{Heap before GC invocations=84 (full 0):
 garbage-first heap   total 412672K, used 217866K [0x0000000080000000, 0x0000000100000000)
  region size 1024K, 38 young (38912K), 2 survivors (2048K)
 Metaspace       used 155292K, committed 160000K, reserved 1245184K
  class space    used 20113K, committed 22016K, reserved 1048576K
}
Event: 2164.988 GC heap after
{Heap after GC invocations=85 (full 0):
 garbage-first heap   total 412672K, used 181424K [0x0000000080000000, 0x0000000100000000)
  region size 1024K, 1 young (1024K), 1 survivors (1024K)
 Metaspace       used 155292K, committed 160000K, reserved 1245184K
  class space    used 20113K, committed 22016K, reserved 1048576K
}
Event: 2180.989 GC heap before
{Heap before GC invocations=85 (full 0):
 garbage-first heap   total 412672K, used 383152K [0x0000000080000000, 0x0000000100000000)
  region size 1024K, 185 young (189440K), 1 survivors (1024K)
 Metaspace       used 168971K, committed 170496K, reserved 1245184K
  class space    used 21669K, committed 22400K, reserved 1048576K
}
Event: 2181.270 GC heap after
{Heap after GC invocations=86 (full 0):
 garbage-first heap   total 412672K, used 172249K [0x0000000080000000, 0x0000000100000000)
  region size 1024K, 10 young (10240K), 10 survivors (10240K)
 Metaspace       used 168971K, committed 170496K, reserved 1245184K
  class space    used 21669K, committed 22400K, reserved 1048576K
}
Event: 2183.383 GC heap before
{Heap before GC invocations=86 (full 0):
 garbage-first heap   total 412672K, used 195801K [0x0000000080000000, 0x0000000100000000)
  region size 1024K, 32 young (32768K), 10 survivors (10240K)
 Metaspace       used 169614K, committed 171136K, reserved 1245184K
  class space    used 21760K, committed 22528K, reserved 1048576K
}
Event: 2183.512 GC heap after
{Heap after GC invocations=87 (full 0):
 garbage-first heap   total 412672K, used 167842K [0x0000000080000000, 0x0000000100000000)
  region size 1024K, 4 young (4096K), 4 survivors (4096K)
 Metaspace       used 169614K, committed 171136K, reserved 1245184K
  class space    used 21760K, committed 22528K, reserved 1048576K
}
Event: 2187.241 GC heap before
{Heap before GC invocations=87 (full 0):
 garbage-first heap   total 412672K, used 262050K [0x0000000080000000, 0x0000000100000000)
  region size 1024K, 93 young (95232K), 4 survivors (4096K)
 Metaspace       used 172259K, committed 173760K, reserved 1245184K
  class space    used 21978K, committed 22720K, reserved 1048576K
}
Event: 2187.293 GC heap after
{Heap after GC invocations=88 (full 0):
 garbage-first heap   total 412672K, used 167960K [0x0000000080000000, 0x0000000100000000)
  region size 1024K, 7 young (7168K), 7 survivors (7168K)
 Metaspace       used 172259K, committed 173760K, reserved 1245184K
  class space    used 21978K, committed 22720K, reserved 1048576K
}
Event: 2188.217 GC heap before
{Heap before GC invocations=88 (full 0):
 garbage-first heap   total 412672K, used 262168K [0x0000000080000000, 0x0000000100000000)
  region size 1024K, 100 young (102400K), 7 survivors (7168K)
 Metaspace       used 172302K, committed 173760K, reserved 1245184K
  class space    used 21978K, committed 22720K, reserved 1048576K
}
Event: 2188.340 GC heap after
{Heap after GC invocations=89 (full 0):
 garbage-first heap   total 412672K, used 175104K [0x0000000080000000, 0x0000000100000000)
  region size 1024K, 13 young (13312K), 13 survivors (13312K)
 Metaspace       used 172302K, committed 173760K, reserved 1245184K
  class space    used 21978K, committed 22720K, reserved 1048576K
}
Event: 2188.734 GC heap before
{Heap before GC invocations=89 (full 0):
 garbage-first heap   total 412672K, used 211968K [0x0000000080000000, 0x0000000100000000)
  region size 1024K, 50 young (51200K), 13 survivors (13312K)
 Metaspace       used 172317K, committed 173824K, reserved 1245184K
  class space    used 21978K, committed 22720K, reserved 1048576K
}
Event: 2188.855 GC heap after
{Heap after GC invocations=90 (full 0):
 garbage-first heap   total 480256K, used 176000K [0x0000000080000000, 0x0000000100000000)
  region size 1024K, 5 young (5120K), 5 survivors (5120K)
 Metaspace       used 172317K, committed 173824K, reserved 1245184K
  class space    used 21978K, committed 22720K, reserved 1048576K
}
Event: 2191.181 GC heap before
{Heap before GC invocations=90 (full 0):
 garbage-first heap   total 480256K, used 315264K [0x0000000080000000, 0x0000000100000000)
  region size 1024K, 141 young (144384K), 5 survivors (5120K)
 Metaspace       used 172362K, committed 173888K, reserved 1245184K
  class space    used 21978K, committed 22720K, reserved 1048576K
}
Event: 2191.225 GC heap after
{Heap after GC invocations=91 (full 0):
 garbage-first heap   total 480256K, used 172854K [0x0000000080000000, 0x0000000100000000)
  region size 1024K, 4 young (4096K), 4 survivors (4096K)
 Metaspace       used 172362K, committed 173888K, reserved 1245184K
  class space    used 21978K, committed 22720K, reserved 1048576K
}
Event: 2192.106 GC heap before
{Heap before GC invocations=91 (full 0):
 garbage-first heap   total 480256K, used 275254K [0x0000000080000000, 0x0000000100000000)
  region size 1024K, 104 young (106496K), 4 survivors (4096K)
 Metaspace       used 172376K, committed 173888K, reserved 1245184K
  class space    used 21978K, committed 22720K, reserved 1048576K
}
Event: 2192.124 GC heap after
{Heap after GC invocations=92 (full 0):
 garbage-first heap   total 480256K, used 173835K [0x0000000080000000, 0x0000000100000000)
  region size 1024K, 5 young (5120K), 5 survivors (5120K)
 Metaspace       used 172376K, committed 173888K, reserved 1245184K
  class space    used 21978K, committed 22720K, reserved 1048576K
}
Event: 2192.965 GC heap before
{Heap before GC invocations=92 (full 0):
 garbage-first heap   total 480256K, used 299787K [0x0000000080000000, 0x0000000100000000)
  region size 1024K, 128 young (131072K), 5 survivors (5120K)
 Metaspace       used 172380K, committed 173888K, reserved 1245184K
  class space    used 21978K, committed 22720K, reserved 1048576K
}
Event: 2192.977 GC heap after
{Heap after GC invocations=93 (full 0):
 garbage-first heap   total 480256K, used 174080K [0x0000000080000000, 0x0000000100000000)
  region size 1024K, 5 young (5120K), 5 survivors (5120K)
 Metaspace       used 172380K, committed 173888K, reserved 1245184K
  class space    used 21978K, committed 22720K, reserved 1048576K
}
Event: 2197.052 GC heap before
{Heap before GC invocations=94 (full 0):
 garbage-first heap   total 480256K, used 432128K [0x0000000080000000, 0x0000000100000000)
  region size 1024K, 257 young (263168K), 5 survivors (5120K)
 Metaspace       used 172042K, committed 173632K, reserved 1245184K
  class space    used 21942K, committed 22720K, reserved 1048576K
}
Event: 2197.095 GC heap after
{Heap after GC invocations=95 (full 0):
 garbage-first heap   total 480256K, used 173546K [0x0000000080000000, 0x0000000100000000)
  region size 1024K, 5 young (5120K), 5 survivors (5120K)
 Metaspace       used 172042K, committed 173632K, reserved 1245184K
  class space    used 21942K, committed 22720K, reserved 1048576K
}

