# JRE version: OpenJDK Runtime Environment (21.0.5) (build 21.0.5+-13047016-b750.29)
# Java VM: OpenJDK 64-Bit Server VM (21.0.5+-13047016-b750.29, mixed mode, tiered, compressed oops, compressed class ptrs, g1 gc, windows-amd64)
GC Precious Log:
 CardTable entry size: 512
 Card Set container configuration: InlinePtr #cards 5 size 8 Array Of Cards #cards 12 size 40 Howl #buckets 4 coarsen threshold 1843 Howl Bitmap #cards 512 size 80 coarsen threshold 460 Card regions per heap region 1 cards per card region 2048
 CPUs: 12 total, 12 available
 Memory: 6005M
 Large Page Support: Disabled
 NUMA Support: Disabled
 Compressed Oops: Enabled (32-bit)
 Heap Region Size: 1M
 Heap Min Capacity: 8M
 Heap Initial Capacity: 94M
 Heap Max Capacity: 2G
 Pre-touch: Disabled
 Parallel Workers: 10
 Concurrent Workers: 3
 Concurrent Refinement Workers: 10
 Periodic GC: Disabled
Heap:
 garbage-first heap   total 309248K, used 200425K [0x0000000080000000, 0x0000000100000000)
  region size 1024K, 11 young (11264K), 11 survivors (11264K)
 Metaspace       used 65516K, committed 67072K, reserved 1114112K
  class space    used 8806K, committed 9536K, reserved 1048576K
GC Heap History (20 events):
Event: 34.487 GC heap after
{Heap after GC invocations=40 (full 0):
 garbage-first heap   total 252928K, used 83364K [0x0000000080000000, 0x0000000100000000)
  region size 1024K, 8 young (8192K), 8 survivors (8192K)
 Metaspace       used 64551K, committed 66112K, reserved 1114112K
  class space    used 8741K, committed 9472K, reserved 1048576K
}
Event: 35.186 GC heap before
{Heap before GC invocations=40 (full 0):
 garbage-first heap   total 252928K, used 116132K [0x0000000080000000, 0x0000000100000000)
  region size 1024K, 41 young (41984K), 8 survivors (8192K)
 Metaspace       used 64680K, committed 66176K, reserved 1114112K
  class space    used 8763K, committed 9472K, reserved 1048576K
}
Event: 35.188 GC heap after
{Heap after GC invocations=41 (full 0):
 garbage-first heap   total 252928K, used 76598K [0x0000000080000000, 0x0000000100000000)
  region size 1024K, 2 young (2048K), 2 survivors (2048K)
 Metaspace       used 64680K, committed 66176K, reserved 1114112K
  class space    used 8763K, committed 9472K, reserved 1048576K
}
Event: 35.509 GC heap before
{Heap before GC invocations=42 (full 0):
 garbage-first heap   total 252928K, used 228150K [0x0000000080000000, 0x0000000100000000)
  region size 1024K, 148 young (151552K), 2 survivors (2048K)
 Metaspace       used 64693K, committed 66176K, reserved 1114112K
  class space    used 8763K, committed 9472K, reserved 1048576K
}
Event: 35.512 GC heap after
{Heap after GC invocations=43 (full 0):
 garbage-first heap   total 252928K, used 80480K [0x0000000080000000, 0x0000000100000000)
  region size 1024K, 4 young (4096K), 4 survivors (4096K)
 Metaspace       used 64693K, committed 66176K, reserved 1114112K
  class space    used 8763K, committed 9472K, reserved 1048576K
}
Event: 37.317 GC heap before
{Heap before GC invocations=43 (full 0):
 garbage-first heap   total 252928K, used 229984K [0x0000000080000000, 0x0000000100000000)
  region size 1024K, 148 young (151552K), 4 survivors (4096K)
 Metaspace       used 65264K, committed 66816K, reserved 1114112K
  class space    used 8813K, committed 9536K, reserved 1048576K
}
Event: 37.323 GC heap after
{Heap after GC invocations=44 (full 0):
 garbage-first heap   total 252928K, used 80781K [0x0000000080000000, 0x0000000100000000)
  region size 1024K, 5 young (5120K), 5 survivors (5120K)
 Metaspace       used 65264K, committed 66816K, reserved 1114112K
  class space    used 8813K, committed 9536K, reserved 1048576K
}
Event: 37.334 GC heap before
{Heap before GC invocations=44 (full 0):
 garbage-first heap   total 252928K, used 86925K [0x0000000080000000, 0x0000000100000000)
  region size 1024K, 12 young (12288K), 5 survivors (5120K)
 Metaspace       used 65272K, committed 66816K, reserved 1114112K
  class space    used 8813K, committed 9536K, reserved 1048576K
}
Event: 37.338 GC heap after
{Heap after GC invocations=45 (full 0):
 garbage-first heap   total 252928K, used 81722K [0x0000000080000000, 0x0000000100000000)
  region size 1024K, 5 young (5120K), 5 survivors (5120K)
 Metaspace       used 65272K, committed 66816K, reserved 1114112K
  class space    used 8813K, committed 9536K, reserved 1048576K
}
Event: 37.569 GC heap before
{Heap before GC invocations=46 (full 0):
 garbage-first heap   total 252928K, used 226106K [0x0000000080000000, 0x0000000100000000)
  region size 1024K, 141 young (144384K), 5 survivors (5120K)
 Metaspace       used 65308K, committed 66816K, reserved 1114112K
  class space    used 8813K, committed 9536K, reserved 1048576K
}
Event: 37.574 GC heap after
{Heap after GC invocations=47 (full 0):
 garbage-first heap   total 252928K, used 94806K [0x0000000080000000, 0x0000000100000000)
  region size 1024K, 12 young (12288K), 12 survivors (12288K)
 Metaspace       used 65308K, committed 66816K, reserved 1114112K
  class space    used 8813K, committed 9536K, reserved 1048576K
}
Event: 37.854 GC heap before
{Heap before GC invocations=47 (full 0):
 garbage-first heap   total 252928K, used 224854K [0x0000000080000000, 0x0000000100000000)
  region size 1024K, 139 young (142336K), 12 survivors (12288K)
 Metaspace       used 65311K, committed 66816K, reserved 1114112K
  class space    used 8813K, committed 9536K, reserved 1048576K
}
Event: 37.866 GC heap after
{Heap after GC invocations=48 (full 0):
 garbage-first heap   total 252928K, used 101084K [0x0000000080000000, 0x0000000100000000)
  region size 1024K, 15 young (15360K), 15 survivors (15360K)
 Metaspace       used 65311K, committed 66816K, reserved 1114112K
  class space    used 8813K, committed 9536K, reserved 1048576K
}
Event: 38.023 GC heap before
{Heap before GC invocations=48 (full 0):
 garbage-first heap   total 252928K, used 186076K [0x0000000080000000, 0x0000000100000000)
  region size 1024K, 99 young (101376K), 15 survivors (15360K)
 Metaspace       used 65311K, committed 66816K, reserved 1114112K
  class space    used 8813K, committed 9536K, reserved 1048576K
}
Event: 38.034 GC heap after
{Heap after GC invocations=49 (full 0):
 garbage-first heap   total 252928K, used 106196K [0x0000000080000000, 0x0000000100000000)
  region size 1024K, 17 young (17408K), 17 survivors (17408K)
 Metaspace       used 65311K, committed 66816K, reserved 1114112K
  class space    used 8813K, committed 9536K, reserved 1048576K
}
Event: 38.447 GC heap before
{Heap before GC invocations=50 (full 0):
 garbage-first heap   total 252928K, used 229076K [0x0000000080000000, 0x0000000100000000)
  region size 1024K, 130 young (133120K), 17 survivors (17408K)
 Metaspace       used 65422K, committed 67008K, reserved 1114112K
  class space    used 8806K, committed 9536K, reserved 1048576K
}
Event: 38.492 GC heap after
{Heap after GC invocations=51 (full 0):
 garbage-first heap   total 309248K, used 176128K [0x0000000080000000, 0x0000000100000000)
  region size 1024K, 17 young (17408K), 17 survivors (17408K)
 Metaspace       used 65422K, committed 67008K, reserved 1114112K
  class space    used 8806K, committed 9536K, reserved 1048576K
}
Event: 38.569 GC heap before
{Heap before GC invocations=51 (full 0):
 garbage-first heap   total 309248K, used 251904K [0x0000000080000000, 0x0000000100000000)
  region size 1024K, 91 young (93184K), 17 survivors (17408K)
 Metaspace       used 65459K, committed 67008K, reserved 1114112K
  class space    used 8806K, committed 9536K, reserved 1048576K
}
Event: 38.587 GC heap after
{Heap after GC invocations=52 (full 0):
 garbage-first heap   total 309248K, used 189935K [0x0000000080000000, 0x0000000100000000)
  region size 1024K, 12 young (12288K), 12 survivors (12288K)
 Metaspace       used 65459K, committed 67008K, reserved 1114112K
  class space    used 8806K, committed 9536K, reserved 1048576K
}
Event: 38.672 GC heap before
{Heap before GC invocations=52 (full 0):
 garbage-first heap   total 309248K, used 259567K [0x0000000080000000, 0x0000000100000000)
  region size 1024K, 81 young (82944K), 12 survivors (12288K)
 Metaspace       used 65516K, committed 67072K, reserved 1114112K
  class space    used 8806K, committed 9536K, reserved 1048576K
}

