# JRE version: OpenJDK Runtime Environment (21.0.5) (build 21.0.5+-12932927-b750.29)
# Java VM: OpenJDK 64-Bit Server VM (21.0.5+-12932927-b750.29, mixed mode, tiered, compressed oops, compressed class ptrs, g1 gc, windows-amd64)
GC Precious Log:
 CardTable entry size: 512
 Card Set container configuration: InlinePtr #cards 5 size 8 Array Of Cards #cards 12 size 40 Howl #buckets 4 coarsen threshold 1843 Howl Bitmap #cards 512 size 80 coarsen threshold 460 Card regions per heap region 1 cards per card region 2048
 CPUs: 4 total, 4 available
 Memory: 4001M
 Large Page Support: Disabled
 NUMA Support: Disabled
 Compressed Oops: Enabled (32-bit)
 Heap Region Size: 1M
 Heap Min Capacity: 8M
 Heap Initial Capacity: 64M
 Heap Max Capacity: 1002M
 Pre-touch: Disabled
 Parallel Workers: 4
 Concurrent Workers: 1
 Concurrent Refinement Workers: 4
 Periodic GC: Disabled
Heap:
 garbage-first heap   total 153600K, used 68319K [0x00000000c1600000, 0x0000000100000000)
  region size 1024K, 25 young (25600K), 3 survivors (3072K)
 Metaspace       used 60646K, committed 60928K, reserved 1114112K
  class space    used 6943K, committed 7040K, reserved 1048576K
GC Heap History (20 events):
Event: 4.438 GC heap before
{Heap before GC invocations=9 (full 0):
 garbage-first heap   total 47104K, used 35132K [0x00000000c1600000, 0x0000000100000000)
  region size 1024K, 21 young (21504K), 3 survivors (3072K)
 Metaspace       used 40751K, committed 41088K, reserved 1114112K
  class space    used 4781K, committed 4928K, reserved 1048576K
}
Event: 4.449 GC heap after
{Heap after GC invocations=10 (full 0):
 garbage-first heap   total 47104K, used 18609K [0x00000000c1600000, 0x0000000100000000)
  region size 1024K, 3 young (3072K), 3 survivors (3072K)
 Metaspace       used 40751K, committed 41088K, reserved 1114112K
  class space    used 4781K, committed 4928K, reserved 1048576K
}
Event: 5.802 GC heap before
{Heap before GC invocations=10 (full 0):
 garbage-first heap   total 47104K, used 37041K [0x00000000c1600000, 0x0000000100000000)
  region size 1024K, 22 young (22528K), 3 survivors (3072K)
 Metaspace       used 44194K, committed 44480K, reserved 1114112K
  class space    used 5105K, committed 5248K, reserved 1048576K
}
Event: 5.819 GC heap after
{Heap after GC invocations=11 (full 0):
 garbage-first heap   total 47104K, used 21050K [0x00000000c1600000, 0x0000000100000000)
  region size 1024K, 3 young (3072K), 3 survivors (3072K)
 Metaspace       used 44194K, committed 44480K, reserved 1114112K
  class space    used 5105K, committed 5248K, reserved 1048576K
}
Event: 6.379 GC heap before
{Heap before GC invocations=11 (full 0):
 garbage-first heap   total 47104K, used 38458K [0x00000000c1600000, 0x0000000100000000)
  region size 1024K, 20 young (20480K), 3 survivors (3072K)
 Metaspace       used 47681K, committed 48000K, reserved 1114112K
  class space    used 5472K, committed 5632K, reserved 1048576K
}
Event: 6.393 GC heap after
{Heap after GC invocations=12 (full 0):
 garbage-first heap   total 47104K, used 23173K [0x00000000c1600000, 0x0000000100000000)
  region size 1024K, 2 young (2048K), 2 survivors (2048K)
 Metaspace       used 47681K, committed 48000K, reserved 1114112K
  class space    used 5472K, committed 5632K, reserved 1048576K
}
Event: 7.204 GC heap before
{Heap before GC invocations=12 (full 0):
 garbage-first heap   total 47104K, used 39557K [0x00000000c1600000, 0x0000000100000000)
  region size 1024K, 18 young (18432K), 2 survivors (2048K)
 Metaspace       used 49552K, committed 49792K, reserved 1114112K
  class space    used 5640K, committed 5760K, reserved 1048576K
}
Event: 7.219 GC heap after
{Heap after GC invocations=13 (full 0):
 garbage-first heap   total 57344K, used 27437K [0x00000000c1600000, 0x0000000100000000)
  region size 1024K, 3 young (3072K), 3 survivors (3072K)
 Metaspace       used 49552K, committed 49792K, reserved 1114112K
  class space    used 5640K, committed 5760K, reserved 1048576K
}
Event: 7.642 GC heap before
{Heap before GC invocations=14 (full 0):
 garbage-first heap   total 57344K, used 47917K [0x00000000c1600000, 0x0000000100000000)
  region size 1024K, 22 young (22528K), 3 survivors (3072K)
 Metaspace       used 49973K, committed 50304K, reserved 1114112K
  class space    used 5681K, committed 5824K, reserved 1048576K
}
Event: 7.666 GC heap after
{Heap after GC invocations=15 (full 0):
 garbage-first heap   total 57344K, used 34816K [0x00000000c1600000, 0x0000000100000000)
  region size 1024K, 3 young (3072K), 3 survivors (3072K)
 Metaspace       used 49973K, committed 50304K, reserved 1114112K
  class space    used 5681K, committed 5824K, reserved 1048576K
}
Event: 7.730 GC heap before
{Heap before GC invocations=15 (full 0):
 garbage-first heap   total 57344K, used 48128K [0x00000000c1600000, 0x0000000100000000)
  region size 1024K, 16 young (16384K), 3 survivors (3072K)
 Metaspace       used 50014K, committed 50304K, reserved 1114112K
  class space    used 5681K, committed 5824K, reserved 1048576K
}
Event: 7.748 GC heap after
{Heap after GC invocations=16 (full 0):
 garbage-first heap   total 57344K, used 39936K [0x00000000c1600000, 0x0000000100000000)
  region size 1024K, 2 young (2048K), 2 survivors (2048K)
 Metaspace       used 50014K, committed 50304K, reserved 1114112K
  class space    used 5681K, committed 5824K, reserved 1048576K
}
Event: 7.995 GC heap before
{Heap before GC invocations=16 (full 0):
 garbage-first heap   total 57344K, used 49152K [0x00000000c1600000, 0x0000000100000000)
  region size 1024K, 11 young (11264K), 2 survivors (2048K)
 Metaspace       used 50538K, committed 50880K, reserved 1114112K
  class space    used 5722K, committed 5888K, reserved 1048576K
}
Event: 8.006 GC heap after
{Heap after GC invocations=17 (full 0):
 garbage-first heap   total 57344K, used 43008K [0x00000000c1600000, 0x0000000100000000)
  region size 1024K, 2 young (2048K), 2 survivors (2048K)
 Metaspace       used 50538K, committed 50880K, reserved 1114112K
  class space    used 5722K, committed 5888K, reserved 1048576K
}
Event: 8.135 GC heap before
{Heap before GC invocations=17 (full 0):
 garbage-first heap   total 57344K, used 50176K [0x00000000c1600000, 0x0000000100000000)
  region size 1024K, 9 young (9216K), 2 survivors (2048K)
 Metaspace       used 50645K, committed 50944K, reserved 1114112K
  class space    used 5723K, committed 5888K, reserved 1048576K
}
Event: 8.146 GC heap after
{Heap after GC invocations=18 (full 0):
 garbage-first heap   total 57344K, used 45663K [0x00000000c1600000, 0x0000000100000000)
  region size 1024K, 2 young (2048K), 2 survivors (2048K)
 Metaspace       used 50645K, committed 50944K, reserved 1114112K
  class space    used 5723K, committed 5888K, reserved 1048576K
}
Event: 8.320 GC heap before
{Heap before GC invocations=19 (full 0):
 garbage-first heap   total 76800K, used 49759K [0x00000000c1600000, 0x0000000100000000)
  region size 1024K, 6 young (6144K), 2 survivors (2048K)
 Metaspace       used 52321K, committed 52608K, reserved 1114112K
  class space    used 5927K, committed 6080K, reserved 1048576K
}
Event: 8.324 GC heap after
{Heap after GC invocations=20 (full 0):
 garbage-first heap   total 76800K, used 46230K [0x00000000c1600000, 0x0000000100000000)
  region size 1024K, 1 young (1024K), 1 survivors (1024K)
 Metaspace       used 52321K, committed 52608K, reserved 1114112K
  class space    used 5927K, committed 6080K, reserved 1048576K
}
Event: 9.092 GC heap before
{Heap before GC invocations=20 (full 0):
 garbage-first heap   total 76800K, used 62614K [0x00000000c1600000, 0x0000000100000000)
  region size 1024K, 18 young (18432K), 1 survivors (1024K)
 Metaspace       used 57002K, committed 57280K, reserved 1114112K
  class space    used 6550K, committed 6656K, reserved 1048576K
}
Event: 9.106 GC heap after
{Heap after GC invocations=21 (full 0):
 garbage-first heap   total 153600K, used 47839K [0x00000000c1600000, 0x0000000100000000)
  region size 1024K, 3 young (3072K), 3 survivors (3072K)
 Metaspace       used 57002K, committed 57280K, reserved 1114112K
  class space    used 6550K, committed 6656K, reserved 1048576K
}

