# JRE version: OpenJDK Runtime Environment (21.0.5) (build 21.0.5+-12932927-b750.29)
# Java VM: OpenJDK 64-Bit Server VM (21.0.5+-12932927-b750.29, mixed mode, tiered, compressed oops, compressed class ptrs, g1 gc, windows-amd64)
GC Precious Log:
 CardTable entry size: 512
 Card Set container configuration: InlinePtr #cards 5 size 8 Array Of Cards #cards 12 size 40 Howl #buckets 4 coarsen threshold 1843 Howl Bitmap #cards 512 size 80 coarsen threshold 460 Card regions per heap region 1 cards per card region 2048
 CPUs: 4 total, 4 available
 Memory: 4001M
 Large Page Support: Disabled
 NUMA Support: Disabled
 Compressed Oops: Enabled (32-bit)
 Heap Region Size: 1M
 Heap Min Capacity: 8M
 Heap Initial Capacity: 64M
 Heap Max Capacity: 1002M
 Pre-touch: Disabled
 Parallel Workers: 4
 Concurrent Workers: 1
 Concurrent Refinement Workers: 4
 Periodic GC: Disabled
Heap:
 garbage-first heap   total 115712K, used 90880K [0x00000000c1600000, 0x0000000100000000)
  region size 1024K, 27 young (27648K), 4 survivors (4096K)
 Metaspace       used 77480K, committed 78336K, reserved 1179648K
  class space    used 8428K, committed 8832K, reserved 1048576K
GC Heap History (20 events):
Event: 8.327 GC heap before
{Heap before GC invocations=19 (full 0):
 garbage-first heap   total 59392K, used 51933K [0x00000000c1600000, 0x0000000100000000)
  region size 1024K, 18 young (18432K), 2 survivors (2048K)
 Metaspace       used 58837K, committed 59648K, reserved 1114112K
  class space    used 6961K, committed 7360K, reserved 1048576K
}
Event: 8.340 GC heap after
{Heap after GC invocations=20 (full 0):
 garbage-first heap   total 59392K, used 36367K [0x00000000c1600000, 0x0000000100000000)
  region size 1024K, 3 young (3072K), 3 survivors (3072K)
 Metaspace       used 58837K, committed 59648K, reserved 1114112K
  class space    used 6961K, committed 7360K, reserved 1048576K
}
Event: 9.142 GC heap before
{Heap before GC invocations=20 (full 0):
 garbage-first heap   total 59392K, used 51727K [0x00000000c1600000, 0x0000000100000000)
  region size 1024K, 18 young (18432K), 3 survivors (3072K)
 Metaspace       used 60236K, committed 61056K, reserved 1114112K
  class space    used 7065K, committed 7488K, reserved 1048576K
}
Event: 9.163 GC heap after
{Heap after GC invocations=21 (full 0):
 garbage-first heap   total 59392K, used 39049K [0x00000000c1600000, 0x0000000100000000)
  region size 1024K, 3 young (3072K), 3 survivors (3072K)
 Metaspace       used 60236K, committed 61056K, reserved 1114112K
  class space    used 7065K, committed 7488K, reserved 1048576K
}
Event: 9.724 GC heap before
{Heap before GC invocations=22 (full 0):
 garbage-first heap   total 66560K, used 51337K [0x00000000c1600000, 0x0000000100000000)
  region size 1024K, 15 young (15360K), 3 survivors (3072K)
 Metaspace       used 61189K, committed 61952K, reserved 1114112K
  class space    used 7158K, committed 7552K, reserved 1048576K
}
Event: 9.741 GC heap after
{Heap after GC invocations=23 (full 0):
 garbage-first heap   total 66560K, used 41624K [0x00000000c1600000, 0x0000000100000000)
  region size 1024K, 2 young (2048K), 2 survivors (2048K)
 Metaspace       used 61189K, committed 61952K, reserved 1114112K
  class space    used 7158K, committed 7552K, reserved 1048576K
}
Event: 10.650 GC heap before
{Heap before GC invocations=23 (full 0):
 garbage-first heap   total 66560K, used 58008K [0x00000000c1600000, 0x0000000100000000)
  region size 1024K, 18 young (18432K), 2 survivors (2048K)
 Metaspace       used 61700K, committed 62528K, reserved 1114112K
  class space    used 7191K, committed 7616K, reserved 1048576K
}
Event: 10.668 GC heap after
{Heap after GC invocations=24 (full 0):
 garbage-first heap   total 88064K, used 43852K [0x00000000c1600000, 0x0000000100000000)
  region size 1024K, 3 young (3072K), 3 survivors (3072K)
 Metaspace       used 61700K, committed 62528K, reserved 1114112K
  class space    used 7191K, committed 7616K, reserved 1048576K
}
Event: 12.182 GC heap before
{Heap before GC invocations=24 (full 0):
 garbage-first heap   total 88064K, used 74572K [0x00000000c1600000, 0x0000000100000000)
  region size 1024K, 33 young (33792K), 3 survivors (3072K)
 Metaspace       used 63245K, committed 64128K, reserved 1114112K
  class space    used 7254K, committed 7680K, reserved 1048576K
}
Event: 12.203 GC heap after
{Heap after GC invocations=25 (full 0):
 garbage-first heap   total 88064K, used 49152K [0x00000000c1600000, 0x0000000100000000)
  region size 1024K, 5 young (5120K), 5 survivors (5120K)
 Metaspace       used 63245K, committed 64128K, reserved 1114112K
  class space    used 7254K, committed 7680K, reserved 1048576K
}
Event: 13.398 GC heap before
{Heap before GC invocations=25 (full 0):
 garbage-first heap   total 88064K, used 75776K [0x00000000c1600000, 0x0000000100000000)
  region size 1024K, 31 young (31744K), 5 survivors (5120K)
 Metaspace       used 63919K, committed 64768K, reserved 1114112K
  class space    used 7273K, committed 7680K, reserved 1048576K
}
Event: 13.420 GC heap after
{Heap after GC invocations=26 (full 0):
 garbage-first heap   total 88064K, used 53760K [0x00000000c1600000, 0x0000000100000000)
  region size 1024K, 4 young (4096K), 4 survivors (4096K)
 Metaspace       used 63919K, committed 64768K, reserved 1114112K
  class space    used 7273K, committed 7680K, reserved 1048576K
}
Event: 14.392 GC heap before
{Heap before GC invocations=26 (full 0):
 garbage-first heap   total 88064K, used 76288K [0x00000000c1600000, 0x0000000100000000)
  region size 1024K, 26 young (26624K), 4 survivors (4096K)
 Metaspace       used 65419K, committed 66240K, reserved 1114112K
  class space    used 7397K, committed 7808K, reserved 1048576K
}
Event: 14.412 GC heap after
{Heap after GC invocations=27 (full 0):
 garbage-first heap   total 88064K, used 57029K [0x00000000c1600000, 0x0000000100000000)
  region size 1024K, 3 young (3072K), 3 survivors (3072K)
 Metaspace       used 65419K, committed 66240K, reserved 1114112K
  class space    used 7397K, committed 7808K, reserved 1048576K
}
Event: 15.315 GC heap before
{Heap before GC invocations=28 (full 0):
 garbage-first heap   total 96256K, used 77509K [0x00000000c1600000, 0x0000000100000000)
  region size 1024K, 24 young (24576K), 3 survivors (3072K)
 Metaspace       used 69308K, committed 70144K, reserved 1114112K
  class space    used 7768K, committed 8192K, reserved 1048576K
}
Event: 15.334 GC heap after
{Heap after GC invocations=29 (full 0):
 garbage-first heap   total 96256K, used 60099K [0x00000000c1600000, 0x0000000100000000)
  region size 1024K, 3 young (3072K), 3 survivors (3072K)
 Metaspace       used 69308K, committed 70144K, reserved 1114112K
  class space    used 7768K, committed 8192K, reserved 1048576K
}
Event: 16.444 GC heap before
{Heap before GC invocations=29 (full 0):
 garbage-first heap   total 96256K, used 85699K [0x00000000c1600000, 0x0000000100000000)
  region size 1024K, 28 young (28672K), 3 survivors (3072K)
 Metaspace       used 69980K, committed 70848K, reserved 1114112K
  class space    used 7813K, committed 8256K, reserved 1048576K
}
Event: 16.465 GC heap after
{Heap after GC invocations=30 (full 0):
 garbage-first heap   total 115712K, used 64512K [0x00000000c1600000, 0x0000000100000000)
  region size 1024K, 4 young (4096K), 4 survivors (4096K)
 Metaspace       used 69980K, committed 70848K, reserved 1114112K
  class space    used 7813K, committed 8256K, reserved 1048576K
}
Event: 18.018 GC heap before
{Heap before GC invocations=30 (full 0):
 garbage-first heap   total 115712K, used 100352K [0x00000000c1600000, 0x0000000100000000)
  region size 1024K, 40 young (40960K), 4 survivors (4096K)
 Metaspace       used 76870K, committed 77760K, reserved 1179648K
  class space    used 8399K, committed 8832K, reserved 1048576K
}
Event: 18.036 GC heap after
{Heap after GC invocations=31 (full 0):
 garbage-first heap   total 115712K, used 68352K [0x00000000c1600000, 0x0000000100000000)
  region size 1024K, 4 young (4096K), 4 survivors (4096K)
 Metaspace       used 76870K, committed 77760K, reserved 1179648K
  class space    used 8399K, committed 8832K, reserved 1048576K
}

