# JRE version: OpenJDK Runtime Environment (21.0.5) (build 21.0.5+-12932927-b750.29)
# Java VM: OpenJDK 64-Bit Server VM (21.0.5+-12932927-b750.29, mixed mode, tiered, compressed oops, compressed class ptrs, g1 gc, windows-amd64)
GC Precious Log:
 CardTable entry size: 512
 Card Set container configuration: InlinePtr #cards 5 size 8 Array Of Cards #cards 12 size 40 Howl #buckets 4 coarsen threshold 1843 Howl Bitmap #cards 512 size 80 coarsen threshold 460 Card regions per heap region 1 cards per card region 2048
 CPUs: 4 total, 4 available
 Memory: 4001M
 Large Page Support: Disabled
 NUMA Support: Disabled
 Compressed Oops: Enabled (32-bit)
 Heap Region Size: 1M
 Heap Min Capacity: 8M
 Heap Initial Capacity: 64M
 Heap Max Capacity: 2G
 Pre-touch: Disabled
 Parallel Workers: 4
 Concurrent Workers: 1
 Concurrent Refinement Workers: 4
 Periodic GC: Disabled
Heap:
 garbage-first heap   total 347136K, used 223637K [0x0000000080000000, 0x0000000100000000)
  region size 1024K, 10 young (10240K), 10 survivors (10240K)
 Metaspace       used 177280K, committed 179008K, reserved 1245184K
  class space    used 23716K, committed 24512K, reserved 1048576K
GC Heap History (20 events):
Event: 2380.504 GC heap after
{Heap after GC invocations=63 (full 0):
 garbage-first heap   total 287744K, used 166135K [0x0000000080000000, 0x0000000100000000)
  region size 1024K, 2 young (2048K), 2 survivors (2048K)
 Metaspace       used 161020K, committed 163584K, reserved 1245184K
  class space    used 21449K, committed 22720K, reserved 1048576K
}
Event: 2400.246 GC heap before
{Heap before GC invocations=64 (full 0):
 garbage-first heap   total 287744K, used 176375K [0x0000000080000000, 0x0000000100000000)
  region size 1024K, 16 young (16384K), 2 survivors (2048K)
 Metaspace       used 154914K, committed 161152K, reserved 1245184K
  class space    used 20470K, committed 22592K, reserved 1048576K
}
Event: 2400.353 GC heap after
{Heap after GC invocations=65 (full 0):
 garbage-first heap   total 287744K, used 162350K [0x0000000080000000, 0x0000000100000000)
  region size 1024K, 1 young (1024K), 1 survivors (1024K)
 Metaspace       used 154914K, committed 161152K, reserved 1245184K
  class space    used 20470K, committed 22592K, reserved 1048576K
}
Event: 2404.533 GC heap before
{Heap before GC invocations=65 (full 0):
 garbage-first heap   total 287744K, used 234030K [0x0000000080000000, 0x0000000100000000)
  region size 1024K, 72 young (73728K), 1 survivors (1024K)
 Metaspace       used 155709K, committed 161216K, reserved 1245184K
  class space    used 20495K, committed 22592K, reserved 1048576K
}
Event: 2404.565 GC heap after
{Heap after GC invocations=66 (full 0):
 garbage-first heap   total 287744K, used 160200K [0x0000000080000000, 0x0000000100000000)
  region size 1024K, 2 young (2048K), 2 survivors (2048K)
 Metaspace       used 155709K, committed 161216K, reserved 1245184K
  class space    used 20495K, committed 22592K, reserved 1048576K
}
Event: 2434.779 GC heap before
{Heap before GC invocations=66 (full 0):
 garbage-first heap   total 287744K, used 285128K [0x0000000080000000, 0x0000000100000000)
  region size 1024K, 80 young (81920K), 2 survivors (2048K)
 Metaspace       used 155884K, committed 161216K, reserved 1245184K
  class space    used 20506K, committed 22592K, reserved 1048576K
}
Event: 2434.903 GC heap after
{Heap after GC invocations=67 (full 0):
 garbage-first heap   total 290816K, used 158443K [0x0000000080000000, 0x0000000100000000)
  region size 1024K, 2 young (2048K), 2 survivors (2048K)
 Metaspace       used 155884K, committed 161216K, reserved 1245184K
  class space    used 20506K, committed 22592K, reserved 1048576K
}
Event: 3614.638 GC heap before
{Heap before GC invocations=67 (full 0):
 garbage-first heap   total 290816K, used 240363K [0x0000000080000000, 0x0000000100000000)
  region size 1024K, 65 young (66560K), 2 survivors (2048K)
 Metaspace       used 159152K, committed 161536K, reserved 1245184K
  class space    used 20945K, committed 22592K, reserved 1048576K
}
Event: 3614.791 GC heap after
{Heap after GC invocations=68 (full 0):
 garbage-first heap   total 290816K, used 177548K [0x0000000080000000, 0x0000000100000000)
  region size 1024K, 9 young (9216K), 9 survivors (9216K)
 Metaspace       used 159152K, committed 161536K, reserved 1245184K
  class space    used 20945K, committed 22592K, reserved 1048576K
}
Event: 3615.097 GC heap before
{Heap before GC invocations=68 (full 0):
 garbage-first heap   total 290816K, used 184716K [0x0000000080000000, 0x0000000100000000)
  region size 1024K, 14 young (14336K), 9 survivors (9216K)
 Metaspace       used 159294K, committed 161664K, reserved 1245184K
  class space    used 20964K, committed 22592K, reserved 1048576K
}
Event: 3615.196 GC heap after
{Heap after GC invocations=69 (full 0):
 garbage-first heap   total 290816K, used 179543K [0x0000000080000000, 0x0000000100000000)
  region size 1024K, 2 young (2048K), 2 survivors (2048K)
 Metaspace       used 159294K, committed 161664K, reserved 1245184K
  class space    used 20964K, committed 22592K, reserved 1048576K
}
Event: 3621.106 GC heap before
{Heap before GC invocations=69 (full 0):
 garbage-first heap   total 290816K, used 281943K [0x0000000080000000, 0x0000000100000000)
  region size 1024K, 91 young (93184K), 2 survivors (2048K)
 Metaspace       used 162377K, committed 164352K, reserved 1245184K
  class space    used 21426K, committed 22592K, reserved 1048576K
}
Event: 3621.197 GC heap after
{Heap after GC invocations=70 (full 0):
 garbage-first heap   total 297984K, used 201360K [0x0000000080000000, 0x0000000100000000)
  region size 1024K, 12 young (12288K), 12 survivors (12288K)
 Metaspace       used 162377K, committed 164352K, reserved 1245184K
  class space    used 21426K, committed 22592K, reserved 1048576K
}
Event: 3621.341 GC heap before
{Heap before GC invocations=70 (full 0):
 garbage-first heap   total 297984K, used 204432K [0x0000000080000000, 0x0000000100000000)
  region size 1024K, 15 young (15360K), 12 survivors (12288K)
 Metaspace       used 162909K, committed 164800K, reserved 1245184K
  class space    used 21487K, committed 22592K, reserved 1048576K
}
Event: 3621.468 GC heap after
{Heap after GC invocations=71 (full 0):
 garbage-first heap   total 297984K, used 200096K [0x0000000080000000, 0x0000000100000000)
  region size 1024K, 1 young (1024K), 1 survivors (1024K)
 Metaspace       used 162909K, committed 164800K, reserved 1245184K
  class space    used 21487K, committed 22592K, reserved 1048576K
}
Event: 3624.252 GC heap before
{Heap before GC invocations=71 (full 0):
 garbage-first heap   total 297984K, used 286112K [0x0000000080000000, 0x0000000100000000)
  region size 1024K, 78 young (79872K), 1 survivors (1024K)
 Metaspace       used 175765K, committed 177344K, reserved 1245184K
  class space    used 23568K, committed 24320K, reserved 1048576K
}
Event: 3624.340 GC heap after
{Heap after GC invocations=72 (full 0):
 garbage-first heap   total 297984K, used 200970K [0x0000000080000000, 0x0000000100000000)
  region size 1024K, 3 young (3072K), 3 survivors (3072K)
 Metaspace       used 175765K, committed 177344K, reserved 1245184K
  class space    used 23568K, committed 24320K, reserved 1048576K
}
Event: 3624.565 GC heap before
{Heap before GC invocations=72 (full 0):
 garbage-first heap   total 297984K, used 208138K [0x0000000080000000, 0x0000000100000000)
  region size 1024K, 11 young (11264K), 3 survivors (3072K)
 Metaspace       used 177062K, committed 178688K, reserved 1245184K
  class space    used 23729K, committed 24512K, reserved 1048576K
}
Event: 3624.587 GC heap after
{Heap after GC invocations=73 (full 0):
 garbage-first heap   total 297984K, used 201152K [0x0000000080000000, 0x0000000100000000)
  region size 1024K, 3 young (3072K), 3 survivors (3072K)
 Metaspace       used 177062K, committed 178688K, reserved 1245184K
  class space    used 23729K, committed 24512K, reserved 1048576K
}
Event: 3628.333 GC heap before
{Heap before GC invocations=73 (full 0):
 garbage-first heap   total 347136K, used 282048K [0x0000000080000000, 0x0000000100000000)
  region size 1024K, 76 young (77824K), 3 survivors (3072K)
 Metaspace       used 177280K, committed 179008K, reserved 1245184K
  class space    used 23716K, committed 24512K, reserved 1048576K
}

